<?xml version="1.0" encoding="UTF-8"?>
<coverage generated="1502661608">
  <project timestamp="1502661608">
    <package name="Simlux\String">
      <file name="/home/simon/repositories/string-buffer/src/AbstractStringExtension.php">
        <class name="AbstractStringExtension" namespace="Simlux\String">
          <metrics complexity="1" methods="1" coveredmethods="1" conditionals="0" coveredconditionals="0" statements="2" coveredstatements="2" elements="3" coveredelements="3"/>
        </class>
        <line num="15" type="method" name="__construct" visibility="public" complexity="1" crap="1" count="41"/>
        <line num="17" type="stmt" count="41"/>
        <line num="18" type="stmt" count="41"/>
        <metrics loc="18" ncloc="12" classes="1" methods="1" coveredmethods="1" conditionals="0" coveredconditionals="0" statements="2" coveredstatements="2" elements="3" coveredelements="3"/>
      </file>
      <file name="/home/simon/repositories/string-buffer/src/StringBuffer.php">
        <class name="StringBuffer" namespace="Simlux\String" fullPackage="Simlux" package="Simlux">
          <metrics complexity="27" methods="14" coveredmethods="14" conditionals="0" coveredconditionals="0" statements="45" coveredstatements="45" elements="59" coveredelements="59"/>
        </class>
        <line num="101" type="method" name="__construct" visibility="public" complexity="1" crap="1" count="49"/>
        <line num="103" type="stmt" count="49"/>
        <line num="104" type="stmt" count="49"/>
        <line num="111" type="method" name="create" visibility="public" complexity="1" crap="1" count="48"/>
        <line num="113" type="stmt" count="48"/>
        <line num="123" type="method" name="__call" visibility="public" complexity="6" crap="6" count="6"/>
        <line num="125" type="stmt" count="6"/>
        <line num="127" type="stmt" count="6"/>
        <line num="128" type="stmt" count="1"/>
        <line num="131" type="stmt" count="6"/>
        <line num="132" type="stmt" count="1"/>
        <line num="135" type="stmt" count="6"/>
        <line num="136" type="stmt" count="2"/>
        <line num="139" type="stmt" count="6"/>
        <line num="140" type="stmt" count="1"/>
        <line num="143" type="stmt" count="6"/>
        <line num="145" type="stmt" count="1"/>
        <line num="148" type="stmt" count="5"/>
        <line num="154" type="method" name="conditions" visibility="public" complexity="2" crap="2" count="2"/>
        <line num="156" type="stmt" count="2"/>
        <line num="157" type="stmt" count="2"/>
        <line num="160" type="stmt" count="2"/>
        <line num="166" type="method" name="properties" visibility="public" complexity="2" crap="2" count="2"/>
        <line num="168" type="stmt" count="2"/>
        <line num="169" type="stmt" count="2"/>
        <line num="172" type="stmt" count="2"/>
        <line num="178" type="method" name="transformer" visibility="public" complexity="2" crap="2" count="3"/>
        <line num="180" type="stmt" count="3"/>
        <line num="181" type="stmt" count="3"/>
        <line num="184" type="stmt" count="3"/>
        <line num="190" type="method" name="manipulator" visibility="public" complexity="2" crap="2" count="1"/>
        <line num="192" type="stmt" count="1"/>
        <line num="193" type="stmt" count="1"/>
        <line num="196" type="stmt" count="1"/>
        <line num="202" type="method" name="toString" visibility="public" complexity="1" crap="1" count="44"/>
        <line num="204" type="stmt" count="44"/>
        <line num="210" type="method" name="__toString" visibility="public" complexity="1" crap="1" count="1"/>
        <line num="212" type="stmt" count="1"/>
        <line num="220" type="method" name="setString" visibility="public" complexity="1" crap="1" count="6"/>
        <line num="222" type="stmt" count="6"/>
        <line num="224" type="stmt" count="6"/>
        <line num="232" type="method" name="append" visibility="public" complexity="1" crap="1" count="2"/>
        <line num="234" type="stmt" count="2"/>
        <line num="236" type="stmt" count="2"/>
        <line num="246" type="method" name="appendIf" visibility="public" complexity="3" crap="3" count="1"/>
        <line num="248" type="stmt" count="1"/>
        <line num="249" type="stmt" count="1"/>
        <line num="250" type="stmt" count="1"/>
        <line num="251" type="stmt" count="1"/>
        <line num="254" type="stmt" count="1"/>
        <line num="262" type="method" name="prepend" visibility="public" complexity="1" crap="1" count="2"/>
        <line num="264" type="stmt" count="2"/>
        <line num="266" type="stmt" count="2"/>
        <line num="276" type="method" name="prependIf" visibility="public" complexity="3" crap="3" count="1"/>
        <line num="278" type="stmt" count="1"/>
        <line num="279" type="stmt" count="1"/>
        <line num="280" type="stmt" count="1"/>
        <line num="281" type="stmt" count="1"/>
        <line num="284" type="stmt" count="1"/>
        <metrics loc="286" ncloc="169" classes="1" methods="14" coveredmethods="14" conditionals="0" coveredconditionals="0" statements="45" coveredstatements="45" elements="59" coveredelements="59"/>
      </file>
      <file name="/home/simon/repositories/string-buffer/src/StringConditions.php">
        <class name="StringConditions" namespace="Simlux\String">
          <metrics complexity="17" methods="7" coveredmethods="7" conditionals="0" coveredconditionals="0" statements="25" coveredstatements="25" elements="32" coveredelements="32"/>
        </class>
        <line num="13" type="method" name="contains" visibility="public" complexity="2" crap="2" count="10"/>
        <line num="15" type="stmt" count="10"/>
        <line num="16" type="stmt" count="3"/>
        <line num="19" type="stmt" count="7"/>
        <line num="28" type="method" name="containsOneOf" visibility="public" complexity="3" crap="3" count="4"/>
        <line num="30" type="stmt" count="4"/>
        <line num="31" type="stmt" count="4"/>
        <line num="32" type="stmt" count="4"/>
        <line num="36" type="stmt" count="2"/>
        <line num="45" type="method" name="beginsWith" visibility="public" complexity="2" crap="2" count="8"/>
        <line num="47" type="stmt" count="8"/>
        <line num="48" type="stmt" count="4"/>
        <line num="51" type="stmt" count="4"/>
        <line num="60" type="method" name="beginsWithOneOf" visibility="public" complexity="3" crap="3" count="4"/>
        <line num="62" type="stmt" count="4"/>
        <line num="63" type="stmt" count="4"/>
        <line num="64" type="stmt" count="4"/>
        <line num="68" type="stmt" count="2"/>
        <line num="77" type="method" name="endsWith" visibility="public" complexity="2" crap="2" count="8"/>
        <line num="79" type="stmt" count="8"/>
        <line num="80" type="stmt" count="8"/>
        <line num="81" type="stmt" count="4"/>
        <line num="84" type="stmt" count="4"/>
        <line num="93" type="method" name="endsWithOneOf" visibility="public" complexity="3" crap="3" count="4"/>
        <line num="95" type="stmt" count="4"/>
        <line num="96" type="stmt" count="4"/>
        <line num="97" type="stmt" count="4"/>
        <line num="101" type="stmt" count="2"/>
        <line num="110" type="method" name="equals" visibility="public" complexity="2" crap="2" count="4"/>
        <line num="112" type="stmt" count="4"/>
        <line num="113" type="stmt" count="2"/>
        <line num="116" type="stmt" count="2"/>
        <metrics loc="117" ncloc="75" classes="1" methods="7" coveredmethods="7" conditionals="0" coveredconditionals="0" statements="25" coveredstatements="25" elements="32" coveredelements="32"/>
      </file>
      <file name="/home/simon/repositories/string-buffer/src/StringManipulator.php">
        <class name="StringManipulator" namespace="Simlux\String">
          <metrics complexity="1" methods="1" coveredmethods="1" conditionals="0" coveredconditionals="0" statements="1" coveredstatements="1" elements="2" coveredelements="2"/>
        </class>
        <line num="14" type="method" name="trim" visibility="public" complexity="1" crap="1" count="1"/>
        <line num="16" type="stmt" count="1"/>
        <metrics loc="17" ncloc="12" classes="1" methods="1" coveredmethods="1" conditionals="0" coveredconditionals="0" statements="1" coveredstatements="1" elements="2" coveredelements="2"/>
      </file>
      <file name="/home/simon/repositories/string-buffer/src/StringProperties.php">
        <class name="StringProperties" namespace="Simlux\String">
          <metrics complexity="1" methods="1" coveredmethods="1" conditionals="0" coveredconditionals="0" statements="1" coveredstatements="1" elements="2" coveredelements="2"/>
        </class>
        <line num="10" type="method" name="length" visibility="public" complexity="1" crap="1" count="1"/>
        <line num="12" type="stmt" count="1"/>
        <metrics loc="13" ncloc="10" classes="1" methods="1" coveredmethods="1" conditionals="0" coveredconditionals="0" statements="1" coveredstatements="1" elements="2" coveredelements="2"/>
      </file>
      <file name="/home/simon/repositories/string-buffer/src/StringTransformer.php">
        <class name="StringTransformer" namespace="Simlux\String">
          <metrics complexity="4" methods="4" coveredmethods="4" conditionals="0" coveredconditionals="0" statements="4" coveredstatements="4" elements="8" coveredelements="8"/>
        </class>
        <line num="10" type="method" name="toLower" visibility="public" complexity="1" crap="1" count="2"/>
        <line num="12" type="stmt" count="2"/>
        <line num="18" type="method" name="toUpper" visibility="public" complexity="1" crap="1" count="2"/>
        <line num="20" type="stmt" count="2"/>
        <line num="26" type="method" name="toFloat" visibility="public" complexity="1" crap="1" count="1"/>
        <line num="28" type="stmt" count="1"/>
        <line num="34" type="method" name="toInteger" visibility="public" complexity="1" crap="1" count="1"/>
        <line num="36" type="stmt" count="1"/>
        <metrics loc="37" ncloc="25" classes="1" methods="4" coveredmethods="4" conditionals="0" coveredconditionals="0" statements="4" coveredstatements="4" elements="8" coveredelements="8"/>
      </file>
    </package>
    <package name="Simlux\String\Exceptions">
      <file name="/home/simon/repositories/string-buffer/src/Exceptions/UnknownMethodException.php">
        <class name="UnknownMethodException" namespace="Simlux\String\Exceptions">
          <metrics complexity="0" methods="0" coveredmethods="0" conditionals="0" coveredconditionals="0" statements="0" coveredstatements="0" elements="0" coveredelements="0"/>
        </class>
        <metrics loc="6" ncloc="6" classes="1" methods="0" coveredmethods="0" conditionals="0" coveredconditionals="0" statements="0" coveredstatements="0" elements="0" coveredelements="0"/>
      </file>
    </package>
    <metrics files="7" loc="494" ncloc="309" classes="7" methods="28" coveredmethods="28" conditionals="0" coveredconditionals="0" statements="78" coveredstatements="78" elements="106" coveredelements="106"/>
  </project>
</coverage>
