<?xml version="1.0" encoding="UTF-8"?>
<coverage generated="1502760767">
  <project timestamp="1502760767">
    <package name="Simlux\String\Exceptions">
      <file name="/home/simon/repositories/string-buffer/src/Exceptions/UnknownExtensionException.php">
        <class name="UnknownExtensionException" namespace="Simlux\String\Exceptions">
          <metrics complexity="0" methods="0" coveredmethods="0" conditionals="0" coveredconditionals="0" statements="0" coveredstatements="0" elements="0" coveredelements="0"/>
        </class>
        <metrics loc="6" ncloc="6" classes="1" methods="0" coveredmethods="0" conditionals="0" coveredconditionals="0" statements="0" coveredstatements="0" elements="0" coveredelements="0"/>
      </file>
      <file name="/home/simon/repositories/string-buffer/src/Exceptions/UnknownMethodException.php">
        <class name="UnknownMethodException" namespace="Simlux\String\Exceptions">
          <metrics complexity="0" methods="0" coveredmethods="0" conditionals="0" coveredconditionals="0" statements="0" coveredstatements="0" elements="0" coveredelements="0"/>
        </class>
        <metrics loc="6" ncloc="6" classes="1" methods="0" coveredmethods="0" conditionals="0" coveredconditionals="0" statements="0" coveredstatements="0" elements="0" coveredelements="0"/>
      </file>
    </package>
    <package name="Simlux\String\Extensions">
      <file name="/home/simon/repositories/string-buffer/src/Extensions/AbstractExtension.php">
        <class name="AbstractExtension" namespace="Simlux\String\Extensions">
          <metrics complexity="1" methods="1" coveredmethods="1" conditionals="0" coveredconditionals="0" statements="2" coveredstatements="2" elements="3" coveredelements="3"/>
        </class>
        <line num="17" type="method" name="__construct" visibility="public" complexity="1" crap="1" count="55"/>
        <line num="19" type="stmt" count="55"/>
        <line num="20" type="stmt" count="55"/>
        <metrics loc="20" ncloc="14" classes="1" methods="1" coveredmethods="1" conditionals="0" coveredconditionals="0" statements="2" coveredstatements="2" elements="3" coveredelements="3"/>
      </file>
      <file name="/home/simon/repositories/string-buffer/src/Extensions/Conditions.php">
        <class name="Conditions" namespace="Simlux\String\Extensions">
          <metrics complexity="17" methods="7" coveredmethods="7" conditionals="0" coveredconditionals="0" statements="25" coveredstatements="25" elements="32" coveredelements="32"/>
        </class>
        <line num="13" type="method" name="contains" visibility="public" complexity="2" crap="2" count="10"/>
        <line num="15" type="stmt" count="10"/>
        <line num="16" type="stmt" count="3"/>
        <line num="19" type="stmt" count="7"/>
        <line num="28" type="method" name="containsOneOf" visibility="public" complexity="3" crap="3" count="4"/>
        <line num="30" type="stmt" count="4"/>
        <line num="31" type="stmt" count="4"/>
        <line num="32" type="stmt" count="4"/>
        <line num="36" type="stmt" count="2"/>
        <line num="45" type="method" name="beginsWith" visibility="public" complexity="2" crap="2" count="11"/>
        <line num="47" type="stmt" count="11"/>
        <line num="48" type="stmt" count="5"/>
        <line num="51" type="stmt" count="6"/>
        <line num="60" type="method" name="beginsWithOneOf" visibility="public" complexity="3" crap="3" count="4"/>
        <line num="62" type="stmt" count="4"/>
        <line num="63" type="stmt" count="4"/>
        <line num="64" type="stmt" count="4"/>
        <line num="68" type="stmt" count="2"/>
        <line num="77" type="method" name="endsWith" visibility="public" complexity="2" crap="2" count="11"/>
        <line num="79" type="stmt" count="11"/>
        <line num="80" type="stmt" count="11"/>
        <line num="81" type="stmt" count="5"/>
        <line num="84" type="stmt" count="6"/>
        <line num="93" type="method" name="endsWithOneOf" visibility="public" complexity="3" crap="3" count="4"/>
        <line num="95" type="stmt" count="4"/>
        <line num="96" type="stmt" count="4"/>
        <line num="97" type="stmt" count="4"/>
        <line num="101" type="stmt" count="2"/>
        <line num="110" type="method" name="equals" visibility="public" complexity="2" crap="2" count="4"/>
        <line num="112" type="stmt" count="4"/>
        <line num="113" type="stmt" count="2"/>
        <line num="116" type="stmt" count="2"/>
        <metrics loc="117" ncloc="75" classes="1" methods="7" coveredmethods="7" conditionals="0" coveredconditionals="0" statements="25" coveredstatements="25" elements="32" coveredelements="32"/>
      </file>
      <file name="/home/simon/repositories/string-buffer/src/Extensions/Manipulator.php">
        <class name="Manipulator" namespace="Simlux\String\Extensions">
          <metrics complexity="9" methods="7" coveredmethods="7" conditionals="0" coveredconditionals="0" statements="11" coveredstatements="11" elements="18" coveredelements="18"/>
        </class>
        <line num="16" type="method" name="trim" visibility="public" complexity="1" crap="1" count="1"/>
        <line num="18" type="stmt" count="1"/>
        <line num="26" type="method" name="trimLeft" visibility="public" complexity="1" crap="1" count="1"/>
        <line num="28" type="stmt" count="1"/>
        <line num="36" type="method" name="trimRight" visibility="public" complexity="1" crap="1" count="1"/>
        <line num="38" type="stmt" count="1"/>
        <line num="47" type="method" name="cutLeft" visibility="public" complexity="2" crap="2" count="3"/>
        <line num="49" type="stmt" count="3"/>
        <line num="50" type="stmt" count="2"/>
        <line num="53" type="stmt" count="3"/>
        <line num="62" type="method" name="cutRight" visibility="public" complexity="2" crap="2" count="3"/>
        <line num="64" type="stmt" count="3"/>
        <line num="65" type="stmt" count="2"/>
        <line num="68" type="stmt" count="3"/>
        <line num="77" type="method" name="replace" visibility="public" complexity="1" crap="1" count="5"/>
        <line num="79" type="stmt" count="5"/>
        <line num="87" type="method" name="remove" visibility="public" complexity="1" crap="1" count="2"/>
        <line num="89" type="stmt" count="2"/>
        <metrics loc="90" ncloc="52" classes="1" methods="7" coveredmethods="7" conditionals="0" coveredconditionals="0" statements="11" coveredstatements="11" elements="18" coveredelements="18"/>
      </file>
      <file name="/home/simon/repositories/string-buffer/src/Extensions/Properties.php">
        <class name="Properties" namespace="Simlux\String\Extensions">
          <metrics complexity="1" methods="1" coveredmethods="1" conditionals="0" coveredconditionals="0" statements="1" coveredstatements="1" elements="2" coveredelements="2"/>
        </class>
        <line num="10" type="method" name="length" visibility="public" complexity="1" crap="1" count="2"/>
        <line num="12" type="stmt" count="2"/>
        <metrics loc="13" ncloc="10" classes="1" methods="1" coveredmethods="1" conditionals="0" coveredconditionals="0" statements="1" coveredstatements="1" elements="2" coveredelements="2"/>
      </file>
      <file name="/home/simon/repositories/string-buffer/src/Extensions/Transformer.php">
        <class name="Transformer" namespace="Simlux\String\Extensions">
          <metrics complexity="4" methods="4" coveredmethods="4" conditionals="0" coveredconditionals="0" statements="4" coveredstatements="4" elements="8" coveredelements="8"/>
        </class>
        <line num="12" type="method" name="toLower" visibility="public" complexity="1" crap="1" count="2"/>
        <line num="14" type="stmt" count="2"/>
        <line num="20" type="method" name="toUpper" visibility="public" complexity="1" crap="1" count="2"/>
        <line num="22" type="stmt" count="2"/>
        <line num="28" type="method" name="toFloat" visibility="public" complexity="1" crap="1" count="1"/>
        <line num="30" type="stmt" count="1"/>
        <line num="36" type="method" name="toInteger" visibility="public" complexity="1" crap="1" count="1"/>
        <line num="38" type="stmt" count="1"/>
        <metrics loc="39" ncloc="27" classes="1" methods="4" coveredmethods="4" conditionals="0" coveredconditionals="0" statements="4" coveredstatements="4" elements="8" coveredelements="8"/>
      </file>
    </package>
    <package name="Simlux\String">
      <file name="/home/simon/repositories/string-buffer/src/StringBuffer.php">
        <class name="StringBuffer" namespace="Simlux\String" fullPackage="Simlux" package="Simlux">
          <metrics complexity="32" methods="17" coveredmethods="17" conditionals="0" coveredconditionals="0" statements="58" coveredstatements="58" elements="75" coveredelements="75"/>
        </class>
        <line num="110" type="method" name="__construct" visibility="public" complexity="1" crap="1" count="72"/>
        <line num="112" type="stmt" count="72"/>
        <line num="113" type="stmt" count="72"/>
        <line num="120" type="method" name="create" visibility="public" complexity="1" crap="1" count="70"/>
        <line num="122" type="stmt" count="70"/>
        <line num="132" type="method" name="getExtension" visibility="protected" complexity="5" crap="5" count="20"/>
        <line num="134" type="stmt" count="20"/>
        <line num="137" type="stmt" count="20"/>
        <line num="138" type="stmt" count="7"/>
        <line num="139" type="stmt" count="7"/>
        <line num="141" type="stmt" count="19"/>
        <line num="142" type="stmt" count="2"/>
        <line num="143" type="stmt" count="2"/>
        <line num="145" type="stmt" count="17"/>
        <line num="146" type="stmt" count="2"/>
        <line num="147" type="stmt" count="2"/>
        <line num="149" type="stmt" count="15"/>
        <line num="150" type="stmt" count="14"/>
        <line num="151" type="stmt" count="14"/>
        <line num="154" type="stmt" count="1"/>
        <line num="158" type="stmt" count="19"/>
        <line num="168" type="method" name="__call" visibility="public" complexity="3" crap="3" count="21"/>
        <line num="170" type="stmt" count="21"/>
        <line num="171" type="stmt" count="21"/>
        <line num="172" type="stmt" count="21"/>
        <line num="176" type="stmt" count="1"/>
        <line num="182" type="method" name="conditions" visibility="public" complexity="2" crap="2" count="8"/>
        <line num="184" type="stmt" count="8"/>
        <line num="185" type="stmt" count="8"/>
        <line num="188" type="stmt" count="8"/>
        <line num="194" type="method" name="properties" visibility="public" complexity="2" crap="2" count="3"/>
        <line num="196" type="stmt" count="3"/>
        <line num="197" type="stmt" count="3"/>
        <line num="200" type="stmt" count="3"/>
        <line num="206" type="method" name="transformer" visibility="public" complexity="2" crap="2" count="3"/>
        <line num="208" type="stmt" count="3"/>
        <line num="209" type="stmt" count="3"/>
        <line num="212" type="stmt" count="3"/>
        <line num="218" type="method" name="manipulator" visibility="public" complexity="2" crap="2" count="14"/>
        <line num="220" type="stmt" count="14"/>
        <line num="221" type="stmt" count="14"/>
        <line num="224" type="stmt" count="14"/>
        <line num="230" type="method" name="toString" visibility="public" complexity="1" crap="1" count="66"/>
        <line num="232" type="stmt" count="66"/>
        <line num="238" type="method" name="__toString" visibility="public" complexity="1" crap="1" count="6"/>
        <line num="240" type="stmt" count="6"/>
        <line num="248" type="method" name="setString" visibility="public" complexity="1" crap="1" count="17"/>
        <line num="250" type="stmt" count="17"/>
        <line num="252" type="stmt" count="17"/>
        <line num="260" type="method" name="append" visibility="public" complexity="1" crap="1" count="2"/>
        <line num="262" type="stmt" count="2"/>
        <line num="264" type="stmt" count="2"/>
        <line num="274" type="method" name="appendIf" visibility="public" complexity="3" crap="3" count="1"/>
        <line num="276" type="stmt" count="1"/>
        <line num="277" type="stmt" count="1"/>
        <line num="279" type="stmt" count="1"/>
        <line num="280" type="stmt" count="1"/>
        <line num="284" type="stmt" count="1"/>
        <line num="292" type="method" name="prepend" visibility="public" complexity="1" crap="1" count="2"/>
        <line num="294" type="stmt" count="2"/>
        <line num="296" type="stmt" count="2"/>
        <line num="306" type="method" name="prependIf" visibility="public" complexity="3" crap="3" count="1"/>
        <line num="308" type="stmt" count="1"/>
        <line num="309" type="stmt" count="1"/>
        <line num="310" type="stmt" count="1"/>
        <line num="311" type="stmt" count="1"/>
        <line num="314" type="stmt" count="1"/>
        <line num="322" type="method" name="camelCase" visibility="public" complexity="2" crap="2" count="4"/>
        <line num="324" type="stmt" count="4"/>
        <line num="325" type="stmt" count="4"/>
        <line num="326" type="stmt" count="1"/>
        <line num="329" type="stmt" count="4"/>
        <line num="337" type="method" name="snakeCase" visibility="public" complexity="1" crap="1" count="4"/>
        <line num="339" type="stmt" count="4"/>
        <line num="341" type="stmt" count="4"/>
        <metrics loc="343" ncloc="212" classes="1" methods="17" coveredmethods="17" conditionals="0" coveredconditionals="0" statements="58" coveredstatements="58" elements="75" coveredelements="75"/>
      </file>
    </package>
    <metrics files="8" loc="634" ncloc="402" classes="8" methods="37" coveredmethods="37" conditionals="0" coveredconditionals="0" statements="101" coveredstatements="101" elements="138" coveredelements="138"/>
  </project>
</coverage>
